2023-02-28T01:58:57+00:00 CRITICAL Uncaught Error: Call to a member function get() on null in C:\xampp\htdocs\thiagobiff\wp-content\plugins\essential-addons-for-elementor-lite\includes\Classes\Elements_Manager.php:213
Stack trace:
#0 C:\xampp\htdocs\thiagobiff\wp-content\plugins\essential-addons-for-elementor-lite\includes\Classes\Elements_Manager.php(140): Essential_Addons_Elementor\Classes\Elements_Manager->save_widgets_list(false, Array, '')
#1 C:\xampp\htdocs\thiagobiff\wp-content\plugins\essential-addons-for-elementor-lite\includes\Classes\Asset_Builder.php(120): Essential_Addons_Elementor\Classes\Elements_Manager->get_element_list(false)
#2 C:\xampp\htdocs\thiagobiff\wp-includes\class-wp-hook.php(308): Essential_Addons_Elementor\Classes\Asset_Builder->frontend_asset_load('')
#3 C:\xampp\htdocs\thiagobiff\wp-includes\class-wp-hook.php(332): WP_Hook->apply_filters(NULL, Array)
#4 C:\xampp\htdocs\thiagobiff\wp-includes\plugin.php(517): WP_Hook->do_action(Array)
#5 C:\xampp\htdocs\thiagobiff\wp-includes\script-loader.php(2180): do_action('wp_enqueue_scri...')
#6 C:\xampp\htdocs\thiagobiff\wp-includes\class-wp-customize-manager.php(455): wp_enqueue_scripts()
#7 C:\xampp\htdocs\thiagobiff\wp-includes\class-wp-customize-manager.php(552): WP_Customize_Manager->wp_die(0, 'Non-existent ch...')
#8 C:\xampp\htdocs\thiagobiff\wp-includes\class-wp-hook.php(308): WP_Customize_Manager->setup_theme('')
#9 C:\xampp\htdocs\thiagobiff\wp-includes\class-wp-hook.php(332): WP_Hook->apply_filters(NULL, Array)
#10 C:\xampp\htdocs\thiagobiff\wp-includes\plugin.php(517): WP_Hook->do_action(Array)
#11 C:\xampp\htdocs\thiagobiff\wp-settings.php(549): do_action('setup_theme')
#12 C:\xampp\htdocs\thiagobiff\wp-config.php(96): require_once('C:\\xampp\\htdocs...')
#13 C:\xampp\htdocs\thiagobiff\wp-load.php(50): require_once('C:\\xampp\\htdocs...')
#14 C:\xampp\htdocs\thiagobiff\wp-blog-header.php(13): require_once('C:\\xampp\\htdocs...')
#15 C:\xampp\htdocs\thiagobiff\index.php(17): require('C:\\xampp\\htdocs...')
#16 {main}
  thrown, em C:\xampp\htdocs\thiagobiff\wp-content\plugins\essential-addons-for-elementor-lite\includes\Classes\Elements_Manager.php, na linha 213

2023-02-28T01:59:07+00:00 CRITICAL Uncaught Error: Call to a member function get() on null in C:\xampp\htdocs\thiagobiff\wp-content\plugins\essential-addons-for-elementor-lite\includes\Classes\Elements_Manager.php:213
Stack trace:
#0 C:\xampp\htdocs\thiagobiff\wp-content\plugins\essential-addons-for-elementor-lite\includes\Classes\Elements_Manager.php(140): Essential_Addons_Elementor\Classes\Elements_Manager->save_widgets_list(false, Array, '')
#1 C:\xampp\htdocs\thiagobiff\wp-content\plugins\essential-addons-for-elementor-lite\includes\Classes\Asset_Builder.php(120): Essential_Addons_Elementor\Classes\Elements_Manager->get_element_list(false)
#2 C:\xampp\htdocs\thiagobiff\wp-includes\class-wp-hook.php(308): Essential_Addons_Elementor\Classes\Asset_Builder->frontend_asset_load('')
#3 C:\xampp\htdocs\thiagobiff\wp-includes\class-wp-hook.php(332): WP_Hook->apply_filters(NULL, Array)
#4 C:\xampp\htdocs\thiagobiff\wp-includes\plugin.php(517): WP_Hook->do_action(Array)
#5 C:\xampp\htdocs\thiagobiff\wp-includes\script-loader.php(2180): do_action('wp_enqueue_scri...')
#6 C:\xampp\htdocs\thiagobiff\wp-includes\class-wp-customize-manager.php(455): wp_enqueue_scripts()
#7 C:\xampp\htdocs\thiagobiff\wp-includes\class-wp-customize-manager.php(552): WP_Customize_Manager->wp_die(0, 'Non-existent ch...')
#8 C:\xampp\htdocs\thiagobiff\wp-includes\class-wp-hook.php(308): WP_Customize_Manager->setup_theme('')
#9 C:\xampp\htdocs\thiagobiff\wp-includes\class-wp-hook.php(332): WP_Hook->apply_filters(NULL, Array)
#10 C:\xampp\htdocs\thiagobiff\wp-includes\plugin.php(517): WP_Hook->do_action(Array)
#11 C:\xampp\htdocs\thiagobiff\wp-settings.php(549): do_action('setup_theme')
#12 C:\xampp\htdocs\thiagobiff\wp-config.php(96): require_once('C:\\xampp\\htdocs...')
#13 C:\xampp\htdocs\thiagobiff\wp-load.php(50): require_once('C:\\xampp\\htdocs...')
#14 C:\xampp\htdocs\thiagobiff\wp-blog-header.php(13): require_once('C:\\xampp\\htdocs...')
#15 C:\xampp\htdocs\thiagobiff\index.php(17): require('C:\\xampp\\htdocs...')
#16 {main}
  thrown, em C:\xampp\htdocs\thiagobiff\wp-content\plugins\essential-addons-for-elementor-lite\includes\Classes\Elements_Manager.php, na linha 213

